<?xml version="1.0" encoding="utf-8"?><testsuites name="pytest tests"><testsuite name="pytest" errors="0" failures="0" skipped="0" tests="51" time="5.210" timestamp="2026-06-08T14:38:37.143238+00:00" hostname="agent-env-d473a971-cd6a-4594-88d2-fecf5e48ff6b"><testcase classname="backend.tests.test_admin_flows.TestOtpAuth" name="test_otp_request_returns_dev_code" time="0.005" /><testcase classname="backend.tests.test_admin_flows.TestOtpAuth" name="test_otp_verify_wrong_code" time="0.088" /><testcase classname="backend.tests.test_admin_flows.TestOtpAuth" name="test_otp_verify_without_request" time="0.043" /><testcase classname="backend.tests.test_admin_flows.TestOtpAuth" name="test_otp_request_short_phone" time="0.043" /><testcase classname="backend.tests.test_admin_flows.TestOtpAuth" name="test_admin_login_legacy" time="0.270" /><testcase classname="backend.tests.test_admin_flows.TestAdminScan" name="test_scan_valid_qr" time="0.443" /><testcase classname="backend.tests.test_admin_flows.TestAdminScan" name="test_scan_malformed_qr" time="0.043" /><testcase classname="backend.tests.test_admin_flows.TestAdminScan" name="test_scan_unknown_user" time="0.045" /><testcase classname="backend.tests.test_admin_flows.TestAdminScan" name="test_scan_without_admin_token" time="0.044" /><testcase classname="backend.tests.test_admin_flows.TestAdminAddPizza" name="test_add_one_pizza" time="0.045" /><testcase classname="backend.tests.test_admin_flows.TestAdminAddPizza" name="test_add_to_3_yields_coffee" time="0.046" /><testcase classname="backend.tests.test_admin_flows.TestAdminAddPizza" name="test_add_to_5_yields_dessert" time="0.045" /><testcase classname="backend.tests.test_admin_flows.TestAdminAddPizza" name="test_add_to_10_yields_margherita" time="0.046" /><testcase classname="backend.tests.test_admin_flows.TestAdminAddPizza" name="test_add_zero_rejected" time="0.045" /><testcase classname="backend.tests.test_admin_flows.TestAdminAddPizza" name="test_add_too_many_rejected" time="0.044" /><testcase classname="backend.tests.test_admin_flows.TestAdminAddPizza" name="test_add_wrong_qr_token" time="0.044" /><testcase classname="backend.tests.test_admin_flows.TestAdminRedeem" name="test_redeem_coffee" time="0.046" /><testcase classname="backend.tests.test_admin_flows.TestAdminRedeem" name="test_redeem_unavailable" time="0.132" /><testcase classname="backend.tests.test_admin_flows.TestAdminRedeem" name="test_redeem_invalid_name" time="0.044" /><testcase classname="backend.tests.test_admin_flows.TestAdminSearch" name="test_search_by_full_phone" time="0.045" /><testcase classname="backend.tests.test_admin_flows.TestAdminSearch" name="test_search_by_partial_name" time="0.045" /><testcase classname="backend.tests.test_admin_flows.TestAdminSearch" name="test_search_empty" time="0.044" /><testcase classname="backend.tests.test_admin_flows.TestAdminSearch" name="test_search_excludes_admins" time="0.045" /><testcase classname="backend.tests.test_admin_flows.TestAdminDashboard" name="test_dashboard_shape" time="0.052" /><testcase classname="backend.tests.test_admin_flows.TestAdminDashboard" name="test_dashboard_non_admin_rejected" time="0.044" /><testcase classname="backend.tests.test_admin_flows.TestAdminCreateStaff" name="test_create_staff" time="0.047" /><testcase classname="backend.tests.test_admin_flows.TestAdminCreateStaff" name="test_create_staff_duplicate" time="0.045" /><testcase classname="backend.tests.test_admin_flows.TestAdminCreateStaff" name="test_create_staff_as_customer_forbidden" time="0.044" /><testcase classname="backend.tests.test_staff_dashboard_iter3.TestListStaff" name="test_list_staff_as_admin_contains_admin" time="0.313" /><testcase classname="backend.tests.test_staff_dashboard_iter3.TestListStaff" name="test_list_staff_includes_newly_created" time="0.089" /><testcase classname="backend.tests.test_staff_dashboard_iter3.TestListStaff" name="test_list_staff_non_admin_forbidden" time="0.131" /><testcase classname="backend.tests.test_staff_dashboard_iter3.TestUpdateRole" name="test_patch_role_to_cashier" time="0.135" /><testcase classname="backend.tests.test_staff_dashboard_iter3.TestUpdateRole" name="test_patch_role_invalid_role" time="0.089" /><testcase classname="backend.tests.test_staff_dashboard_iter3.TestUpdateRole" name="test_patch_role_unknown_user" time="0.046" /><testcase classname="backend.tests.test_staff_dashboard_iter3.TestUpdateRole" name="test_patch_role_as_customer_forbidden" time="0.088" /><testcase classname="backend.tests.test_staff_dashboard_iter3.TestDisableStaff" name="test_disable_then_reenable" time="0.224" /><testcase classname="backend.tests.test_staff_dashboard_iter3.TestDisableStaff" name="test_cannot_disable_yourself" time="0.044" /><testcase classname="backend.tests.test_staff_dashboard_iter3.TestDisableStaff" name="test_cannot_disable_last_active_owner" time="0.184" /><testcase classname="backend.tests.test_staff_dashboard_iter3.TestDeleteStaff" name="test_delete_staff" time="0.133" /><testcase classname="backend.tests.test_staff_dashboard_iter3.TestDeleteStaff" name="test_cannot_delete_yourself" time="0.043" /><testcase classname="backend.tests.test_staff_dashboard_iter3.TestDeleteStaff" name="test_cannot_delete_last_owner" time="0.178" /><testcase classname="backend.tests.test_staff_dashboard_iter3.TestAddPizzaWithPizzaId" name="test_add_pizza_with_pizza_id_records_event" time="0.093" /><testcase classname="backend.tests.test_staff_dashboard_iter3.TestAddPizzaWithPizzaId" name="test_add_pizza_without_pizza_id_still_ok" time="0.046" /><testcase classname="backend.tests.test_staff_dashboard_iter3.TestDashboardPeriods" name="test_dashboard_period[today-today]" time="0.049" /><testcase classname="backend.tests.test_staff_dashboard_iter3.TestDashboardPeriods" name="test_dashboard_period[week-week]" time="0.048" /><testcase classname="backend.tests.test_staff_dashboard_iter3.TestDashboardPeriods" name="test_dashboard_period[month-month]" time="0.049" /><testcase classname="backend.tests.test_staff_dashboard_iter3.TestDashboardPeriods" name="test_dashboard_period[all-all]" time="0.049" /><testcase classname="backend.tests.test_staff_dashboard_iter3.TestDashboardPeriods" name="test_dashboard_period[bogus-all]" time="0.050" /><testcase classname="backend.tests.test_staff_dashboard_iter3.TestDashboardPeriods" name="test_dashboard_top_pizzas_contains_margherita" time="0.048" /><testcase classname="backend.tests.test_staff_dashboard_iter3.TestDisabledAuth" name="test_disabled_admin_blocked_then_reenabled" time="0.664" /><testcase classname="backend.tests.test_staff_dashboard_iter3.TestDisabledAuth" name="test_disabled_staff_otp_login_blocked" time="0.265" /></testsuite></testsuites>