<?xml version="1.0" encoding="utf-8"?><testsuites name="pytest tests"><testsuite name="pytest" errors="0" failures="0" skipped="0" tests="8" time="1.343" timestamp="2026-06-21T21:44:04.365120+00:00" hostname="agent-env-d473a971-cd6a-4594-88d2-fecf5e48ff6b"><testcase classname="backend.tests.test_admin_smoke_iter10" name="test_admin_reservations_list" time="0.549" /><testcase classname="backend.tests.test_admin_smoke_iter10" name="test_menu_public" time="0.108" /><testcase classname="backend.tests.test_admin_smoke_iter10" name="test_admin_settings_capacity" time="0.104" /><testcase classname="backend.tests.test_admin_smoke_iter10" name="test_admin_ads_slides" time="0.108" /><testcase classname="backend.tests.test_admin_smoke_iter10" name="test_admin_ads_settings" time="0.103" /><testcase classname="backend.tests.test_admin_smoke_iter10" name="test_admin_dashboard" time="0.101" /><testcase classname="backend.tests.test_admin_smoke_iter10" name="test_admin_staff_list" time="0.106" /><testcase classname="backend.tests.test_admin_smoke_iter10" name="test_public_ads_slides_no_auth" time="0.102" /></testsuite></testsuites>