<?xml version="1.0" encoding="utf-8"?><testsuites name="pytest tests"><testsuite name="pytest" errors="0" failures="0" skipped="0" tests="93" time="10.967" timestamp="2026-06-09T20:26:57.968250+00:00" hostname="agent-env-d473a971-cd6a-4594-88d2-fecf5e48ff6b"><testcase classname="backend.tests.test_add_pizza_negative_iter4.TestPositiveHappyPath" name="test_positive_3_grants_coffee" time="0.360" /><testcase classname="backend.tests.test_add_pizza_negative_iter4.TestNegativeHappyPath" name="test_negative_1_removes_coffee" time="0.179" /><testcase classname="backend.tests.test_add_pizza_negative_iter4.TestClampAtZero" name="test_negative_overshoot_clamps_to_zero" time="0.178" /><testcase classname="backend.tests.test_add_pizza_negative_iter4.TestNoOpAtZero" name="test_subtract_at_zero_is_noop" time="0.131" /><testcase classname="backend.tests.test_add_pizza_negative_iter4.TestRewardPruning" name="test_reward_pruning_after_subtract" time="0.268" /><testcase classname="backend.tests.test_add_pizza_negative_iter4.TestRewardPruning" name="test_rewards_redeemed_pruned_in_db" time="0.229" /><testcase classname="backend.tests.test_add_pizza_negative_iter4.TestValidationBounds" name="test_bad_counts_rejected[0]" time="0.132" /><testcase classname="backend.tests.test_add_pizza_negative_iter4.TestValidationBounds" name="test_bad_counts_rejected[21]" time="0.132" /><testcase classname="backend.tests.test_add_pizza_negative_iter4.TestValidationBounds" name="test_bad_counts_rejected[-21]" time="0.131" /><testcase classname="backend.tests.test_add_pizza_negative_iter4.TestValidationBounds" name="test_bad_counts_rejected[100]" time="0.131" /><testcase classname="backend.tests.test_add_pizza_negative_iter4.TestValidationBounds" name="test_bad_counts_rejected[-100]" time="0.131" /><testcase classname="backend.tests.test_add_pizza_negative_iter4.TestValidationBounds" name="test_lower_edge_minus_20_accepted" time="0.180" /><testcase classname="backend.tests.test_add_pizza_negative_iter4.TestValidationBounds" name="test_upper_edge_20_accepted" time="0.133" /><testcase classname="backend.tests.test_add_pizza_negative_iter4.TestWrongQrToken" name="test_wrong_qr_token_positive_404" time="0.131" /><testcase classname="backend.tests.test_add_pizza_negative_iter4.TestWrongQrToken" name="test_wrong_qr_token_negative_404" time="0.220" /><testcase classname="backend.tests.test_add_pizza_negative_iter4.TestCustomerTokenForbidden" name="test_customer_token_positive_forbidden" time="0.130" /><testcase classname="backend.tests.test_add_pizza_negative_iter4.TestCustomerTokenForbidden" name="test_customer_token_negative_forbidden" time="0.130" /><testcase classname="backend.tests.test_add_pizza_negative_iter4.TestPizzaEventsLogged" name="test_negative_logged_via_dashboard_top_pizzas" time="0.272" /><testcase classname="backend.tests.test_add_pizza_negative_iter4.TestPizzaEventsLogged" name="test_negative_logged_directly_in_pizza_events" time="0.177" /><testcase classname="backend.tests.test_add_pizza_negative_iter4.TestPizzaEventsLogged" name="test_noop_at_zero_does_not_log_event" time="0.132" /><testcase classname="backend.tests.test_admin_flows.TestOtpAuth" name="test_otp_request_returns_dev_code" time="0.003" /><testcase classname="backend.tests.test_admin_flows.TestOtpAuth" name="test_otp_verify_wrong_code" time="0.086" /><testcase classname="backend.tests.test_admin_flows.TestOtpAuth" name="test_otp_verify_without_request" time="0.043" /><testcase classname="backend.tests.test_admin_flows.TestOtpAuth" name="test_otp_request_short_phone" time="0.042" /><testcase classname="backend.tests.test_admin_flows.TestOtpAuth" name="test_admin_login_legacy" time="0.266" /><testcase classname="backend.tests.test_admin_flows.TestAdminScan" name="test_scan_valid_qr" time="0.441" /><testcase classname="backend.tests.test_admin_flows.TestAdminScan" name="test_scan_malformed_qr" time="0.044" /><testcase classname="backend.tests.test_admin_flows.TestAdminScan" name="test_scan_unknown_user" time="0.044" /><testcase classname="backend.tests.test_admin_flows.TestAdminScan" name="test_scan_without_admin_token" time="0.044" /><testcase classname="backend.tests.test_admin_flows.TestAdminAddPizza" name="test_add_one_pizza" time="0.046" /><testcase classname="backend.tests.test_admin_flows.TestAdminAddPizza" name="test_add_to_3_yields_coffee" time="0.045" /><testcase classname="backend.tests.test_admin_flows.TestAdminAddPizza" name="test_add_to_5_yields_dessert" time="0.046" /><testcase classname="backend.tests.test_admin_flows.TestAdminAddPizza" name="test_add_to_10_yields_margherita" time="0.047" /><testcase classname="backend.tests.test_admin_flows.TestAdminAddPizza" name="test_add_zero_rejected" time="0.043" /><testcase classname="backend.tests.test_admin_flows.TestAdminAddPizza" name="test_add_too_many_rejected" time="0.044" /><testcase classname="backend.tests.test_admin_flows.TestAdminAddPizza" name="test_add_wrong_qr_token" time="0.044" /><testcase classname="backend.tests.test_admin_flows.TestAdminRedeem" name="test_redeem_coffee" time="0.044" /><testcase classname="backend.tests.test_admin_flows.TestAdminRedeem" name="test_redeem_unavailable" time="0.132" /><testcase classname="backend.tests.test_admin_flows.TestAdminRedeem" name="test_redeem_invalid_name" time="0.043" /><testcase classname="backend.tests.test_admin_flows.TestAdminSearch" name="test_search_by_full_phone" time="0.045" /><testcase classname="backend.tests.test_admin_flows.TestAdminSearch" name="test_search_by_partial_name" time="0.045" /><testcase classname="backend.tests.test_admin_flows.TestAdminSearch" name="test_search_empty" time="0.043" /><testcase classname="backend.tests.test_admin_flows.TestAdminSearch" name="test_search_excludes_admins" time="0.044" /><testcase classname="backend.tests.test_admin_flows.TestAdminDashboard" name="test_dashboard_shape" time="0.048" /><testcase classname="backend.tests.test_admin_flows.TestAdminDashboard" name="test_dashboard_non_admin_rejected" time="0.043" /><testcase classname="backend.tests.test_admin_flows.TestAdminCreateStaff" name="test_create_staff" time="0.044" /><testcase classname="backend.tests.test_admin_flows.TestAdminCreateStaff" name="test_create_staff_duplicate" time="0.043" /><testcase classname="backend.tests.test_admin_flows.TestAdminCreateStaff" name="test_create_staff_as_customer_forbidden" time="0.044" /><testcase classname="backend.tests.test_reservations_zones_iter5.TestADefaultCapacitySeed" name="test_defaults_indoor_30_terrace_20" time="0.054" /><testcase classname="backend.tests.test_reservations_zones_iter5.TestBZoneMath" name="test_indoor_fills_terrace_unaffected" time="0.480" /><testcase classname="backend.tests.test_reservations_zones_iter5.TestCTerraceFillsIndoorOpen" name="test_terrace_fills_indoor_open" time="0.219" /><testcase classname="backend.tests.test_reservations_zones_iter5.TestDValidation" name="test_zone_omitted_defaults_to_indoor" time="0.044" /><testcase classname="backend.tests.test_reservations_zones_iter5.TestDValidation" name="test_invalid_zone_returns_400" time="0.043" /><testcase classname="backend.tests.test_reservations_zones_iter5.TestDValidation" name="test_guests_zero_returns_400" time="0.044" /><testcase classname="backend.tests.test_reservations_zones_iter5.TestDValidation" name="test_guests_twenty_one_returns_400" time="0.044" /><testcase classname="backend.tests.test_reservations_zones_iter5.TestDValidation" name="test_over_cap_returns_409" time="0.133" /><testcase classname="backend.tests.test_reservations_zones_iter5.TestEAdminCapacityEndpoints" name="test_get_capacity_as_admin" time="0.309" /><testcase classname="backend.tests.test_reservations_zones_iter5.TestEAdminCapacityEndpoints" name="test_get_capacity_as_non_admin" time="0.043" /><testcase classname="backend.tests.test_reservations_zones_iter5.TestEAdminCapacityEndpoints" name="test_get_capacity_no_auth_returns_401" time="0.042" /><testcase classname="backend.tests.test_reservations_zones_iter5.TestEAdminCapacityEndpoints" name="test_put_capacity_as_owner" time="0.087" /><testcase classname="backend.tests.test_reservations_zones_iter5.TestEAdminCapacityEndpoints" name="test_put_capacity_indoor_negative" time="0.043" /><testcase classname="backend.tests.test_reservations_zones_iter5.TestEAdminCapacityEndpoints" name="test_put_capacity_indoor_over_500" time="0.043" /><testcase classname="backend.tests.test_reservations_zones_iter5.TestEAdminCapacityEndpoints" name="test_put_capacity_terrace_negative" time="0.044" /><testcase classname="backend.tests.test_reservations_zones_iter5.TestEAdminCapacityEndpoints" name="test_put_capacity_terrace_over_500" time="0.043" /><testcase classname="backend.tests.test_reservations_zones_iter5.TestEAdminCapacityEndpoints" name="test_put_capacity_as_customer_returns_403" time="0.043" /><testcase classname="backend.tests.test_reservations_zones_iter5.TestEAdminCapacityEndpoints" name="test_lower_cap_below_existing_bookings_rejects_new" time="0.178" /><testcase classname="backend.tests.test_reservations_zones_iter5.TestEAdminCapacityEndpoints" name="test_restore_original_capacity" time="0.044" /><testcase classname="backend.tests.test_reservations_zones_iter5.TestFCancelledExcluded" name="test_cancelled_status_excluded" time="0.139" /><testcase classname="backend.tests.test_reservations_zones_iter5.TestGuestEndpointZones" name="test_guest_zone_invalid_returns_400" time="0.042" /><testcase classname="backend.tests.test_reservations_zones_iter5.TestGuestEndpointZones" name="test_guest_zone_defaults_to_indoor" time="0.049" /><testcase classname="backend.tests.test_staff_dashboard_iter3.TestListStaff" name="test_list_staff_as_admin_contains_admin" time="0.314" /><testcase classname="backend.tests.test_staff_dashboard_iter3.TestListStaff" name="test_list_staff_includes_newly_created" time="0.089" /><testcase classname="backend.tests.test_staff_dashboard_iter3.TestListStaff" name="test_list_staff_non_admin_forbidden" time="0.130" /><testcase classname="backend.tests.test_staff_dashboard_iter3.TestUpdateRole" name="test_patch_role_to_cashier" time="0.133" /><testcase classname="backend.tests.test_staff_dashboard_iter3.TestUpdateRole" name="test_patch_role_invalid_role" time="0.087" /><testcase classname="backend.tests.test_staff_dashboard_iter3.TestUpdateRole" name="test_patch_role_unknown_user" time="0.044" /><testcase classname="backend.tests.test_staff_dashboard_iter3.TestUpdateRole" name="test_patch_role_as_customer_forbidden" time="0.088" /><testcase classname="backend.tests.test_staff_dashboard_iter3.TestDisableStaff" name="test_disable_then_reenable" time="0.223" /><testcase classname="backend.tests.test_staff_dashboard_iter3.TestDisableStaff" name="test_cannot_disable_yourself" time="0.044" /><testcase classname="backend.tests.test_staff_dashboard_iter3.TestDisableStaff" name="test_cannot_disable_last_active_owner" time="0.179" /><testcase classname="backend.tests.test_staff_dashboard_iter3.TestDeleteStaff" name="test_delete_staff" time="0.136" /><testcase classname="backend.tests.test_staff_dashboard_iter3.TestDeleteStaff" name="test_cannot_delete_yourself" time="0.043" /><testcase classname="backend.tests.test_staff_dashboard_iter3.TestDeleteStaff" name="test_cannot_delete_last_owner" time="0.177" /><testcase classname="backend.tests.test_staff_dashboard_iter3.TestAddPizzaWithPizzaId" name="test_add_pizza_with_pizza_id_records_event" time="0.095" /><testcase classname="backend.tests.test_staff_dashboard_iter3.TestAddPizzaWithPizzaId" name="test_add_pizza_without_pizza_id_still_ok" time="0.046" /><testcase classname="backend.tests.test_staff_dashboard_iter3.TestDashboardPeriods" name="test_dashboard_period[today-today]" time="0.048" /><testcase classname="backend.tests.test_staff_dashboard_iter3.TestDashboardPeriods" name="test_dashboard_period[week-week]" time="0.049" /><testcase classname="backend.tests.test_staff_dashboard_iter3.TestDashboardPeriods" name="test_dashboard_period[month-month]" time="0.049" /><testcase classname="backend.tests.test_staff_dashboard_iter3.TestDashboardPeriods" name="test_dashboard_period[all-all]" time="0.049" /><testcase classname="backend.tests.test_staff_dashboard_iter3.TestDashboardPeriods" name="test_dashboard_period[bogus-all]" time="0.048" /><testcase classname="backend.tests.test_staff_dashboard_iter3.TestDashboardPeriods" name="test_dashboard_top_pizzas_contains_margherita" time="0.048" /><testcase classname="backend.tests.test_staff_dashboard_iter3.TestDisabledAuth" name="test_disabled_admin_blocked_then_reenabled" time="0.658" /><testcase classname="backend.tests.test_staff_dashboard_iter3.TestDisabledAuth" name="test_disabled_staff_otp_login_blocked" time="0.260" /></testsuite></testsuites>