<?xml version="1.0" encoding="utf-8"?><testsuites name="pytest tests"><testsuite name="pytest" errors="0" failures="0" skipped="0" tests="31" time="2.392" timestamp="2026-06-20T20:47:57.368692+00:00" hostname="agent-env-d473a971-cd6a-4594-88d2-fecf5e48ff6b"><testcase classname="backend.tests.test_kiosk_ads_iter6.TestPublicSlides" name="test_public_slides_returns_200_with_expected_shape" time="0.314" /><testcase classname="backend.tests.test_kiosk_ads_iter6.TestPublicSlides" name="test_public_slides_settings_keys_and_types" time="0.044" /><testcase classname="backend.tests.test_kiosk_ads_iter6.TestPublicSlides" name="test_public_slides_only_active_and_well_formed" time="0.044" /><testcase classname="backend.tests.test_kiosk_ads_iter6.TestAdminAuthGate" name="test_get_admin_slides_rejected[no_header]" time="0.042" /><testcase classname="backend.tests.test_kiosk_ads_iter6.TestAdminAuthGate" name="test_get_admin_slides_rejected[garbage_bearer]" time="0.043" /><testcase classname="backend.tests.test_kiosk_ads_iter6.TestAdminAuthGate" name="test_get_admin_slides_rejected[wrong_scheme]" time="0.042" /><testcase classname="backend.tests.test_kiosk_ads_iter6.TestAdminAuthGate" name="test_post_admin_slides_rejected[no_header]" time="0.042" /><testcase classname="backend.tests.test_kiosk_ads_iter6.TestAdminAuthGate" name="test_post_admin_slides_rejected[garbage_bearer]" time="0.043" /><testcase classname="backend.tests.test_kiosk_ads_iter6.TestAdminAuthGate" name="test_post_admin_slides_rejected[wrong_scheme]" time="0.042" /><testcase classname="backend.tests.test_kiosk_ads_iter6.TestAdminAuthGate" name="test_patch_admin_slide_rejected[no_header]" time="0.042" /><testcase classname="backend.tests.test_kiosk_ads_iter6.TestAdminAuthGate" name="test_patch_admin_slide_rejected[garbage_bearer]" time="0.043" /><testcase classname="backend.tests.test_kiosk_ads_iter6.TestAdminAuthGate" name="test_patch_admin_slide_rejected[wrong_scheme]" time="0.042" /><testcase classname="backend.tests.test_kiosk_ads_iter6.TestAdminAuthGate" name="test_delete_admin_slide_rejected[no_header]" time="0.042" /><testcase classname="backend.tests.test_kiosk_ads_iter6.TestAdminAuthGate" name="test_delete_admin_slide_rejected[garbage_bearer]" time="0.043" /><testcase classname="backend.tests.test_kiosk_ads_iter6.TestAdminAuthGate" name="test_delete_admin_slide_rejected[wrong_scheme]" time="0.042" /><testcase classname="backend.tests.test_kiosk_ads_iter6.TestAdminAuthGate" name="test_put_admin_settings_rejected[no_header]" time="0.042" /><testcase classname="backend.tests.test_kiosk_ads_iter6.TestAdminAuthGate" name="test_put_admin_settings_rejected[garbage_bearer]" time="0.043" /><testcase classname="backend.tests.test_kiosk_ads_iter6.TestAdminAuthGate" name="test_put_admin_settings_rejected[wrong_scheme]" time="0.043" /><testcase classname="backend.tests.test_kiosk_ads_iter6.TestAdminAuthGate" name="test_get_admin_settings_rejected[no_header]" time="0.043" /><testcase classname="backend.tests.test_kiosk_ads_iter6.TestAdminAuthGate" name="test_get_admin_settings_rejected[garbage_bearer]" time="0.043" /><testcase classname="backend.tests.test_kiosk_ads_iter6.TestAdminAuthGate" name="test_get_admin_settings_rejected[wrong_scheme]" time="0.042" /><testcase classname="backend.tests.test_kiosk_ads_iter6.TestAdminSlidesCRUD" name="test_admin_list_slides_returns_list" time="0.045" /><testcase classname="backend.tests.test_kiosk_ads_iter6.TestAdminSlidesCRUD" name="test_create_patch_delete_slide" time="0.263" /><testcase classname="backend.tests.test_kiosk_ads_iter6.TestAdminSlidesCRUD" name="test_delete_non_existent_returns_404" time="0.043" /><testcase classname="backend.tests.test_kiosk_ads_iter6.TestAdminSlidesCRUD" name="test_create_invalid_section_returns_400" time="0.044" /><testcase classname="backend.tests.test_kiosk_ads_iter6.TestAdminKioskSettings" name="test_get_settings_shape" time="0.043" /><testcase classname="backend.tests.test_kiosk_ads_iter6.TestAdminKioskSettings" name="test_put_settings_updates_and_persists" time="0.217" /><testcase classname="backend.tests.test_kiosk_ads_iter6.TestAdminKioskSettings" name="test_put_settings_rejects_out_of_range_idle_seconds" time="0.086" /><testcase classname="backend.tests.test_kiosk_ads_iter6.TestBackwardsCompat" name="test_auth_login_admin" time="0.264" /><testcase classname="backend.tests.test_kiosk_ads_iter6.TestBackwardsCompat" name="test_menu_endpoint_returns_list" time="0.044" /><testcase classname="backend.tests.test_kiosk_ads_iter6.TestBackwardsCompat" name="test_reservations_me_with_admin_token" time="0.086" /></testsuite></testsuites>