<?xml version="1.0" encoding="utf-8"?><testsuites name="pytest tests"><testsuite name="pytest" errors="0" failures="0" skipped="0" tests="28" time="2.021" timestamp="2026-06-08T14:21:52.641311+00:00" hostname="agent-env-d473a971-cd6a-4594-88d2-fecf5e48ff6b"><testcase classname="backend.tests.test_admin_flows.TestOtpAuth" name="test_otp_request_returns_dev_code" time="0.005" /><testcase classname="backend.tests.test_admin_flows.TestOtpAuth" name="test_otp_verify_wrong_code" time="0.086" /><testcase classname="backend.tests.test_admin_flows.TestOtpAuth" name="test_otp_verify_without_request" time="0.044" /><testcase classname="backend.tests.test_admin_flows.TestOtpAuth" name="test_otp_request_short_phone" time="0.042" /><testcase classname="backend.tests.test_admin_flows.TestOtpAuth" name="test_admin_login_legacy" time="0.268" /><testcase classname="backend.tests.test_admin_flows.TestAdminScan" name="test_scan_valid_qr" time="0.443" /><testcase classname="backend.tests.test_admin_flows.TestAdminScan" name="test_scan_malformed_qr" time="0.044" /><testcase classname="backend.tests.test_admin_flows.TestAdminScan" name="test_scan_unknown_user" time="0.044" /><testcase classname="backend.tests.test_admin_flows.TestAdminScan" name="test_scan_without_admin_token" time="0.044" /><testcase classname="backend.tests.test_admin_flows.TestAdminAddPizza" name="test_add_one_pizza" time="0.045" /><testcase classname="backend.tests.test_admin_flows.TestAdminAddPizza" name="test_add_to_3_yields_coffee" time="0.044" /><testcase classname="backend.tests.test_admin_flows.TestAdminAddPizza" name="test_add_to_5_yields_dessert" time="0.045" /><testcase classname="backend.tests.test_admin_flows.TestAdminAddPizza" name="test_add_to_10_yields_margherita" time="0.044" /><testcase classname="backend.tests.test_admin_flows.TestAdminAddPizza" name="test_add_zero_rejected" time="0.044" /><testcase classname="backend.tests.test_admin_flows.TestAdminAddPizza" name="test_add_too_many_rejected" time="0.043" /><testcase classname="backend.tests.test_admin_flows.TestAdminAddPizza" name="test_add_wrong_qr_token" time="0.044" /><testcase classname="backend.tests.test_admin_flows.TestAdminRedeem" name="test_redeem_coffee" time="0.046" /><testcase classname="backend.tests.test_admin_flows.TestAdminRedeem" name="test_redeem_unavailable" time="0.131" /><testcase classname="backend.tests.test_admin_flows.TestAdminRedeem" name="test_redeem_invalid_name" time="0.043" /><testcase classname="backend.tests.test_admin_flows.TestAdminSearch" name="test_search_by_full_phone" time="0.044" /><testcase classname="backend.tests.test_admin_flows.TestAdminSearch" name="test_search_by_partial_name" time="0.044" /><testcase classname="backend.tests.test_admin_flows.TestAdminSearch" name="test_search_empty" time="0.044" /><testcase classname="backend.tests.test_admin_flows.TestAdminSearch" name="test_search_excludes_admins" time="0.043" /><testcase classname="backend.tests.test_admin_flows.TestAdminDashboard" name="test_dashboard_shape" time="0.048" /><testcase classname="backend.tests.test_admin_flows.TestAdminDashboard" name="test_dashboard_non_admin_rejected" time="0.043" /><testcase classname="backend.tests.test_admin_flows.TestAdminCreateStaff" name="test_create_staff" time="0.045" /><testcase classname="backend.tests.test_admin_flows.TestAdminCreateStaff" name="test_create_staff_duplicate" time="0.044" /><testcase classname="backend.tests.test_admin_flows.TestAdminCreateStaff" name="test_create_staff_as_customer_forbidden" time="0.044" /></testsuite></testsuites>